<?xml version="1.0" encoding="UTF-8"?>
<!-- Generated by org.testng.reporters.JUnitReportReporter -->
<testsuite hostname="MSI" failures="0" tests="1" name="testngpackage.Parameterisation" time="0.252" errors="0" timestamp="2023-05-30T15:17:27 IST" skipped="0">
  <testcase classname="testngpackage.Parameterisation" name="test1" time="0.252"/>
  <system-out/>
</testsuite> <!-- testngpackage.Parameterisation -->
