<?xml version="1.0" encoding="UTF-8"?>
<!-- Generated by org.testng.reporters.JUnitReportReporter -->
<testsuite hostname="MSI" failures="0" tests="1" name="PKG.Guruupload" time="0.118" errors="0" timestamp="2023-06-02T13:54:12 IST" skipped="0">
  <testcase classname="PKG.Guruupload" name="test" time="0.118"/>
  <system-out/>
</testsuite> <!-- PKG.Guruupload -->
