<?xml version="1.0" encoding="UTF-8"?>
<!-- Generated by org.testng.reporters.JUnitReportReporter -->
<testsuite hostname="MSI" failures="0" tests="1" name="testngpackage.droppable" time="4.931" errors="0" timestamp="2023-06-07T12:52:25 IST" skipped="0">
  <testcase classname="testngpackage.droppable" name="test" time="4.931"/>
  <system-out/>
</testsuite> <!-- testngpackage.droppable -->
