<?xml version="1.0" encoding="UTF-8"?>
<!-- Generated by org.testng.reporters.JUnitReportReporter -->
<testsuite hostname="MSI" failures="0" tests="3" name="testngpackage.testingdemo" time="3.243" errors="0" timestamp="2023-05-29T13:38:09 IST" skipped="0">
  <testcase classname="testngpackage.testingdemo" name="test3" time="0.715"/>
  <system-out/>
  <testcase classname="testngpackage.testingdemo" name="test1" time="1.122"/>
  <system-out/>
  <testcase classname="testngpackage.testingdemo" name="test2" time="1.406"/>
  <system-out/>
</testsuite> <!-- testngpackage.testingdemo -->
