<?xml version="1.0" encoding="UTF-8"?>
<!-- Generated by org.testng.reporters.JUnitReportReporter -->
<testsuite hostname="MSI" failures="0" tests="1" name="testngpackage.ebayexpli" time="5.308" errors="0" timestamp="2023-06-07T12:54:09 IST" skipped="0">
  <testcase classname="testngpackage.ebayexpli" name="test1" time="5.308"/>
  <system-out/>
</testsuite> <!-- testngpackage.ebayexpli -->
