<?xml version="1.0" encoding="UTF-8"?>
<!-- Generated by org.testng.reporters.JUnitReportReporter -->
<testsuite hostname="MSI" failures="0" tests="1" name="testngpackage.rightclick" time="3.899" errors="0" timestamp="2023-06-07T12:54:49 IST" skipped="0">
  <testcase classname="testngpackage.rightclick" name="test" time="3.899"/>
  <system-out/>
</testsuite> <!-- testngpackage.rightclick -->
