<?xml version="1.0" encoding="UTF-8"?>
<!-- Generated by org.testng.reporters.JUnitReportReporter -->
<testsuite hostname="MSI" failures="0" tests="1" name="PKG.Robotupload" time="1.203" errors="0" timestamp="2023-06-02T15:05:14 IST" skipped="0">
  <testcase classname="PKG.Robotupload" name="fileupload" time="1.203"/>
  <system-out/>
</testsuite> <!-- PKG.Robotupload -->
