<?xml version="1.0" encoding="UTF-8"?>
<!-- Generated by org.testng.reporters.JUnitReportReporter -->
<testsuite hostname="MSI" failures="0" tests="1" name="testngpackage.copypate" time="1.588" errors="0" timestamp="2023-06-07T12:45:22 IST" skipped="0">
  <testcase classname="testngpackage.copypate" name="test" time="1.588"/>
  <system-out/>
</testsuite> <!-- testngpackage.copypate -->
