<?xml version="1.0" encoding="UTF-8"?>
<!-- Generated by org.testng.reporters.JUnitReportReporter -->
<testsuite hostname="MSI" failures="0" tests="1" name="testngpackage.Datadriventest" time="20.736" errors="0" timestamp="2023-06-01T14:14:51 IST" skipped="0">
  <testcase classname="testngpackage.Datadriventest" name="test" time="20.736"/>
  <system-out/>
</testsuite> <!-- testngpackage.Datadriventest -->
