<?xml version="1.0" encoding="UTF-8"?>
<!-- Generated by org.testng.reporters.JUnitReportReporter -->
<testsuite hostname="MSI" failures="0" tests="1" name="testngpackage.Ebay" time="8.206" errors="0" timestamp="2023-06-07T12:53:08 IST" skipped="0">
  <testcase classname="testngpackage.Ebay" name="test1" time="8.206"/>
  <system-out/>
</testsuite> <!-- testngpackage.Ebay -->
